java.lang.IllegalArgumentException: requirement failed: /home/me/git/agol is required but does not exist
	at scala.Predef$.require(Predef.scala:277)
	at org.ensime.config.EnsimeConfigProtocol$.$anonfun$validated$2(EnsimeConfigProtocol.scala:30)
	at org.ensime.config.EnsimeConfigProtocol$.$anonfun$validated$2$adapted(EnsimeConfigProtocol.scala:29)
	at scala.collection.immutable.List.foreach(List.scala:389)
	at org.ensime.config.EnsimeConfigProtocol$.validated(EnsimeConfigProtocol.scala:29)
	at org.ensime.config.EnsimeConfigProtocol$.$anonfun$parse$1(EnsimeConfigProtocol.scala:22)
	at scala.util.Either.map(Either.scala:350)
	at org.ensime.config.EnsimeConfigProtocol$.parse(EnsimeConfigProtocol.scala:22)
	at org.ensime.lsp.ensime.EnsimeLanguageServer.$anonfun$initializeEnsime$1(EnsimeLanguageServer.scala:143)
	at scala.util.Try$.apply(Try.scala:209)
	at org.ensime.lsp.ensime.EnsimeLanguageServer.initializeEnsime(EnsimeLanguageServer.scala:138)
	at org.ensime.lsp.ensime.EnsimeLanguageServer.initialize(EnsimeLanguageServer.scala:119)
	at org.ensime.lsp.core.LanguageServer$ResponseHandler$$anonfun$buildHandler$1.applyOrElse(LanguageServer.scala:24)
	at org.ensi18:52:34.660 DEBUG None o.e.l.c.MessageWriter - Content-Length: 170

{"jsonrpc":"2.0","method":"window/showMessage","params":{"tpe":1,"message":"Error parsing .ensime: requirement failed: /home/me/git/agol is required but does not exist"}}
18:52:34.761 DEBUG None o.e.l.c.MessageWriter - Content-Length: 441

{"jsonrpc":"2.0","result":{"capabilities":{"textDocumentSync":1,"hoverProvider":true,"completionProvider":{"resolveProvider":false,"triggerCharacters":["."]},"definitionProvider":true,"referencesProvider":false,"documentHighlig
18:52:34.810 DEBUG None o.e.l.c.MessageReader - Received headers:
Content-Length: 52
18:52:34.811 DEBUG None o.e.l.c.Connection - Received {"jsonrpc":"2.0","method":"initialized","params":{}}
	at org.ensime.server.Server$.main(Server.scala:196)
	at org.ensime.server.Server.main(Server.scala)
	at sun.reflect.NativeMethodAccessorImpl.invoke0(Native Method)
	at sun.reflect.NativeMethodAccessorImpl.invoke(NativeMethodAccessorImpl.java:62)
	at sun.reflect.DelegatingMethodAccessorImpl.invoke(DelegatingMethodAccessorImpl.java:43)
	at java.lang.reflect.Method.invoke(Method.java:498)
	at coursier.cli.rg.a(Unknown Source)
	at coursier.cli.rf.k(Unknown Source)
	at coursier.cli.rl.a(Unknown Source)
	at e.h.a.c(Unknown Source)
	at b.b.c_(Unknown Source)
	at e.b.d.E.g(Unknown Source)
	at e.b.e.aW.g(Unknown Source)
	at e.b.f.b.aa.a(Unknown Source)
	at coursier.cli.rf.b(Unknown Source)
	at coursier.cli.R.b(Unknown Source)
	at b.J.c_(Unknown Source)
	at e.F.h(Unknown Source)
	at b.F.a(Unknown Source)
	at coursier.cli.Coursier.main(Unknown Source)
	at sun.reflect.NativeMethodAccessorImpl.invoke0(Native Method)
	at sun.reflect.NativeMethodAccessorImpl.invoke(NativeMethodAccessorImpl.java:62)
	at sun.reflect.DelegatingMethodAccessorImpl.invoke(DelegatingMethodAccessorImpl.java:43)
	at java.lang.reflect.Method.invoke(Method.java:498)
	at coursier.Bootstrap.main(Bootstrap.java:428)
Exception in thread "main" java.lang.IllegalArgumentException: requirement failed: Request message id cannot be null
	at scala.Predef$.require(Predef.scala:277)
	at org.ensime.lsp.rpc.messages.JsonRpcRequestMessage.<init>(messages.scala:130)
	at org.ensime.lsp.rpc.messages.JsonRpcRequestMessage$anon$macro$970$1.from(messages.scala:137)
	at org.ensime.lsp.rpc.messages.JsonRpcRequestMessage$anon$macro$970$1.from(messages.scala:137)
	at shapeless.LabelledGeneric$$anon$1.from(generic.scala:229)
	at shapeless.LabelledGeneric$$anon$1.from(generic.scala:226)
	at spray.json.DerivedJsReader$.$anonfun$gen$2(DerivedJsReader.scala:20)
	at scala.util.Either.map(Either.scala:350)
	at spray.json.DerivedJsReader$.spray$json$DerivedJsReader$$$anonfun$gen$1(DerivedJsReader.scala:20)
	at spray.json.DerivedJsReader$$anonfun$gen$3.read(DerivedJsReader.scala:19)
	at spray.json.JsReader$ops$ExtraOps$.as$extension(JsReader.scala:34)
	at org.ensime.lsp.rpc.messages.JsonRpcMessage$.org$ensime$lsp$rpc$messages$JsonRpcMessage$$$anonfun$jsReader$8(messages.scala:88)
	at org.ensime.lsp.rpc.messages.JsonRpcMessage$$anonfun$7.read(messages.scala:86)
	at org.ensime.lsp.core.Connection.readJsonRpcMessage(Connection.scala:138)
	at org.ensime.lsp.core.Connection.handleMessage(Connection.scala:87)
	at org.ensime.lsp.core.Connection.start(Connection.scala:127)
	at org.ensime.lsp.core.LanguageServer.start(LanguageServer.scala:96)
	at org.ensime.lsp.ensime.EnsimeLanguageServer.start(EnsimeLanguageServer.scala:102)
	at org.ensime.server.Server$.startLspServer(Server.scala:185)
	at org.ensime.server.Server$.main(Server.scala:196)
	at org.ensime.server.Server.main(Server.scala)
	at sun.reflect.NativeMethodAccessorImpl.invoke0(Native Method)
	at sun.reflect.NativeMethodAccessorImpl.invoke(NativeMethodAccessorImpl.java:62)
	at sun.reflect.DelegatingMethodAccessorImpl.invoke(DelegatingMethodAccessorImpl.java:43)
	at java.lang.reflect.Method.invoke(Method.java:498)
	at coursier.cli.rg.a(Unknown Source)
	at coursier.cli.rf.k(Unknown Source)
	at coursier.cli.rl.a(Unknown Source)
	at e.h.a.c(Unknown Source)
	at b.b.c_(Unknown Source)
	at e.b.d.E.g(Unknown Source)
	at e.b.e.aW.g(Unknown Source)
	at e.b.f.b.aa.a(Unknown Source)
	at coursier.cli.rf.b(Unknown Source)
	at coursier.cli.R.b(Unknown Source)
	at b.J.c_(Unknown Source)
	at e.F.h(Unknown Source)
	at b.F.a(Unknown Source)
	at coursier.cli.Coursier.main(Unknown Source)
	at sun.reflect.NativeMethodAccessorImpl.invoke0(Native Method)
	at sun.reflect.NativeMethodAccessorImpl.invoke(NativeMethodAccessorImpl.java:62)
	at sun.reflect.DelegatingMethodAccessorImpl.invoke(DelegatingMethodAccessorImpl.java:43)
	at java.lang.reflect.Method.invoke(Method.java:498)
	at coursier.Bootstrap.main(Bootstrap.java:428)
